\BOOKMARK [1][-]{section.1}{\376\377\000E\000s\000s\000e\000n\000t\000i\000a\000l\000\040\000T\000o\000p\000i\000c\000s}{}% 1
\BOOKMARK [2][-]{subsection.1.1}{\376\377\000D\000i\000s\000c\000r\000e\000t\000e\000\040\000t\000i\000m\000e}{section.1}% 2
\BOOKMARK [3][-]{subsubsection.1.1.1}{\376\377\000S\000i\000n\000e\000,\000\040\000c\000o\000s\000i\000n\000e\000\040\000a\000n\000d\000\040\000e\000x\000p\000o\000n\000e\000n\000t\000i\000a\000l\000\040\000f\000u\000n\000c\000t\000i\000o\000n\000s}{subsection.1.1}% 3
\BOOKMARK [3][-]{subsubsection.1.1.2}{\376\377\000E\000l\000e\000m\000e\000n\000t\000a\000r\000y\000\040\000d\000i\000s\000c\000r\000e\000t\000e\000\040\000s\000i\000g\000n\000a\000l\000s}{subsection.1.1}% 4
\BOOKMARK [3][-]{subsubsection.1.1.3}{\376\377\000L\000T\000I\000\040\000s\000y\000s\000t\000e\000m\000s\000,\000\040\000i\000n\000c\000l\000u\000d\000i\000n\000g\000\040\000c\000h\000a\000r\000a\000c\000t\000e\000r\000i\000s\000t\000i\000c\000s\000\040\000v\000i\000a\000\040\000t\000h\000e\000\040\000t\000r\000a\000n\000s\000f\000o\000r\000m\000a\000t\000i\000o\000n\000\040\000b\000e\000t\000w\000e\000e\000n\000\040\000i\000n\000p\000u\000t\000\040\000a\000n\000d\000\040\000o\000u\000t\000p\000u\000t}{subsection.1.1}% 5
\BOOKMARK [2][-]{subsection.1.2}{\376\377\000Z\000-\000t\000r\000a\000n\000s\000f\000o\000r\000m}{section.1}% 6
\BOOKMARK [2][-]{subsection.1.3}{\376\377\000F\000r\000e\000q\000u\000e\000n\000c\000y\000\040\000a\000n\000a\000l\000y\000s\000i\000s\000\040\000a\000n\000d\000\040\000D\000F\000T}{section.1}% 7
\BOOKMARK [2][-]{subsection.1.4}{\376\377\000F\000i\000l\000t\000e\000r\000\040\000d\000e\000s\000i\000g\000n}{section.1}% 8
\BOOKMARK [3][-]{subsubsection.1.4.1}{\376\377\000A\000d\000v\000a\000n\000t\000a\000g\000e\000s\000/\000D\000i\000s\000a\000d\000v\000a\000n\000t\000a\000g\000e\000s\000\040\000o\000f\000\040\000F\000I\000R\000\040\000a\000n\000d\000\040\000I\000I\000R\000\040\000f\000i\000l\000t\000e\000r\000s}{subsection.1.4}% 9
\BOOKMARK [3][-]{subsubsection.1.4.2}{\376\377\000C\000o\000m\000m\000o\000n\000\040\000w\000a\000y\000s\000\040\000t\000o\000\040\000d\000e\000s\000i\000g\000n\000\040\000I\000I\000R\000\040\000f\000i\000l\000t\000e\000r\000s}{subsection.1.4}% 10
\BOOKMARK [3][-]{subsubsection.1.4.3}{\376\377\000T\000y\000p\000i\000c\000a\000l\000\040\000I\000I\000R\000\040\000f\000i\000l\000t\000e\000r\000s}{subsection.1.4}% 11
\BOOKMARK [3][-]{subsubsection.1.4.4}{\376\377\000C\000o\000m\000m\000o\000n\000\040\000w\000a\000y\000s\000\040\000t\000o\000\040\000d\000e\000s\000i\000g\000n\000\040\000F\000I\000R\000\040\000f\000i\000l\000t\000e\000r\000s}{subsection.1.4}% 12
\BOOKMARK [3][-]{subsubsection.1.4.5}{\376\377\000W\000i\000n\000d\000o\000w\000\040\000f\000u\000n\000c\000t\000i\000o\000n\000s\000\040\000a\000n\000d\000\040\000t\000h\000e\000\040\000c\000o\000n\000s\000e\000q\000u\000e\000n\000c\000e\000s\000\040\000o\000f\000\040\000a\000p\000p\000l\000y\000i\000n\000g\000\040\000t\000h\000e\000m}{subsection.1.4}% 13
\BOOKMARK [3][-]{subsubsection.1.4.6}{\376\377\000L\000i\000n\000e\000a\000r\000\040\000p\000h\000a\000s\000e\000\040\000a\000n\000d\000\040\000l\000i\000n\000e\000a\000r\000-\000p\000h\000a\000s\000e\000\040\000f\000i\000l\000t\000e\000r\000s}{subsection.1.4}% 14
\BOOKMARK [3][-]{subsubsection.1.4.7}{\376\377\000G\000r\000a\000p\000i\000h\000c\000a\000l\000\040\000r\000e\000p\000r\000e\000s\000e\000n\000t\000a\000t\000i\000o\000n\000\040\000o\000f\000\040\000f\000i\000l\000t\000e\000r\000\040\000s\000t\000r\000u\000c\000t\000u\000r\000e\000s\000\040\000a\000n\000d\000\040\000o\000p\000e\000r\000a\000t\000i\000o\000n\000s}{subsection.1.4}% 15
\BOOKMARK [3][-]{subsubsection.1.4.8}{\376\377\000G\000i\000b\000b\000'\000s\000\040\000p\000h\000e\000n\000o\000m\000e\000n\000o\000n}{subsection.1.4}% 16
\BOOKMARK [2][-]{subsection.1.5}{\376\377\000S\000a\000m\000p\000l\000i\000n\000g\000\040\000a\000n\000d\000\040\000r\000e\000c\000o\000n\000s\000t\000r\000u\000c\000t\000i\000o\000n}{section.1}% 17
\BOOKMARK [3][-]{subsubsection.1.5.1}{\376\377\000S\000a\000m\000p\000l\000i\000n\000g\000\040\000t\000h\000e\000o\000r\000e\000m}{subsection.1.5}% 18
\BOOKMARK [3][-]{subsubsection.1.5.2}{\376\377\000S\000y\000n\000t\000h\000e\000s\000i\000z\000i\000n\000g\000\040\000a\000n\000\040\000a\000r\000b\000i\000t\000r\000a\000r\000y\000\040\000s\000i\000g\000n\000a\000l\000\040\000a\000s\000\040\000a\000\040\000s\000u\000m\000\040\000o\000f\000\040\000u\000n\000i\000t\000\040\000i\000m\000p\000u\000l\000s\000e\000s}{subsection.1.5}% 19
\BOOKMARK [3][-]{subsubsection.1.5.3}{\376\377\000S\000a\000m\000p\000l\000i\000n\000g\000\040\000o\000f\000\040\000b\000a\000n\000d\000-\000l\000i\000m\000i\000t\000e\000d\000\040\000s\000i\000g\000n\000a\000l\000s}{subsection.1.5}% 20
\BOOKMARK [3][-]{subsubsection.1.5.4}{\376\377\000I\000d\000e\000a\000l\000\040\000r\000e\000c\000o\000n\000s\000t\000r\000u\000c\000t\000i\000o\000n}{subsection.1.5}% 21
\BOOKMARK [3][-]{subsubsection.1.5.5}{\376\377\000U\000p\000s\000a\000m\000p\000l\000i\000n\000g\000\040\000a\000n\000d\000\040\000d\000o\000w\000n\000s\000a\000m\000p\000l\000i\000n\000g}{subsection.1.5}% 22
\BOOKMARK [1][-]{section.2}{\376\377\000A\000d\000d\000i\000t\000i\000o\000n\000a\000l\000\040\000T\000o\000p\000i\000c\000s}{}% 23
\BOOKMARK [2][-]{subsection.2.1}{\376\377\000D\000i\000s\000c\000r\000e\000t\000e\000\040\000t\000i\000m\000e}{section.2}% 24
\BOOKMARK [3][-]{subsubsection.2.1.1}{\376\377\000S\000y\000m\000m\000e\000t\000r\000i\000c\000a\000l\000\040\000s\000i\000g\000n\000a\000l\000s}{subsection.2.1}% 25
\BOOKMARK [2][-]{subsection.2.2}{\376\377\000L\000T\000I\000\040\000s\000y\000s\000t\000e\000m\000s\000\040\000a\000n\000d\000\040\000c\000h\000a\000r\000a\000c\000t\000e\000r\000i\000s\000t\000i\000c\000s}{section.2}% 26
\BOOKMARK [2][-]{subsection.2.3}{\376\377\000C\000o\000n\000v\000o\000l\000u\000t\000i\000o\000n\000\040\000a\000n\000d\000\040\000c\000o\000r\000r\000e\000l\000a\000t\000i\000o\000n}{section.2}% 27
\BOOKMARK [2][-]{subsection.2.4}{\376\377\000Z\000-\000t\000r\000a\000n\000s\000f\000o\000r\000m}{section.2}% 28
\BOOKMARK [2][-]{subsection.2.5}{\376\377\000F\000r\000e\000q\000u\000e\000n\000c\000y\000\040\000a\000n\000a\000l\000y\000s\000i\000s\000\040\000a\000n\000d\000\040\000D\000F\000T}{section.2}% 29
\BOOKMARK [2][-]{subsection.2.6}{\376\377\000F\000i\000l\000t\000e\000r\000\040\000d\000e\000s\000i\000g\000n}{section.2}% 30
\BOOKMARK [2][-]{subsection.2.7}{\376\377\000S\000a\000m\000p\000l\000i\000n\000g\000\040\000a\000n\000d\000\040\000r\000e\000c\000o\000n\000s\000t\000r\000u\000c\000t\000i\000o\000n}{section.2}% 31
